<?xml version="1.0" encoding="UTF-8"?>
<testsuite xmlns:xsi="http://www.w3.org/2001/XMLSchema-instance" xsi:noNamespaceSchemaLocation="https://maven.apache.org/surefire/maven-surefire-plugin/xsd/surefire-test-report.xsd" name="org.iro.reprex.camelmanualcommit.EmbeddedKafkaIntegrationTest" time="12.672" tests="1" errors="0" skipped="0" failures="0">
  <properties>
[...]
</properties>
  <testcase name="givenEmbeddedKafkaBroker_whenSendingWithSimpleProducer_thenMessageReceived" classname="org.iro.reprex.camelmanualcommit.EmbeddedKafkaIntegrationTest" time="0.773"/>
</testsuite>